This file contains any messages produced by compilers while
running configure, to aid debugging if configure makes a mistake.

It was created by configure, which was
generated by GNU Autoconf 2.65.  Invocation command line was

  $ ./configure --prefix=/home/jdh8d/peasoup/uva/stack_rewrite

## --------- ##
## Platform. ##
## --------- ##

hostname = ubuntu
uname -m = i686
uname -r = 2.6.32-30-generic
uname -s = Linux
uname -v = #59-Ubuntu SMP Tue Mar 1 21:30:21 UTC 2011

/usr/bin/uname -p = unknown
/bin/uname -X     = unknown

/bin/arch              = unknown
/usr/bin/arch -k       = unknown
/usr/convex/getsysinfo = unknown
/usr/bin/hostinfo      = unknown
/bin/machine           = unknown
/usr/bin/oslevel       = unknown
/bin/universe          = unknown

PATH: /usr/local/sbin
PATH: /usr/local/bin
PATH: /usr/sbin
PATH: /usr/bin
PATH: /sbin
PATH: /bin
PATH: /usr/games
PATH: /home/jdh8d/peasoup/grace//trunk/concolic/bin/


## ----------- ##
## Core tests. ##
## ----------- ##

configure:1781: checking for a BSD-compatible install
configure:1849: result: /usr/bin/install -c
configure:1860: checking whether build environment is sane
configure:1897: result: yes
configure:1959: checking for gawk
configure:1975: found /usr/bin/gawk
configure:1986: result: gawk
configure:1997: checking whether make sets $(MAKE)
configure:2019: result: yes
configure:2256: checking for g++
configure:2272: found /usr/bin/g++
configure:2283: result: g++
configure:2310: checking for C++ compiler version
configure:2319: g++ --version >&5
g++ (Ubuntu 4.4.3-4ubuntu5) 4.4.3
Copyright (C) 2009 Free Software Foundation, Inc.
This is free software; see the source for copying conditions.  There is NO
warranty; not even for MERCHANTABILITY or FITNESS FOR A PARTICULAR PURPOSE.

configure:2330: $? = 0
configure:2319: g++ -v >&5
Using built-in specs.
Target: i486-linux-gnu
Configured with: ../src/configure -v --with-pkgversion='Ubuntu 4.4.3-4ubuntu5' --with-bugurl=file:///usr/share/doc/gcc-4.4/README.Bugs --enable-languages=c,c++,fortran,objc,obj-c++ --prefix=/usr --enable-shared --enable-multiarch --enable-linker-build-id --with-system-zlib --libexecdir=/usr/lib --without-included-gettext --enable-threads=posix --with-gxx-include-dir=/usr/include/c++/4.4 --program-suffix=-4.4 --enable-nls --enable-clocale=gnu --enable-libstdcxx-debug --enable-plugin --enable-objc-gc --enable-targets=all --disable-werror --with-arch-32=i486 --with-tune=generic --enable-checking=release --build=i486-linux-gnu --host=i486-linux-gnu --target=i486-linux-gnu
Thread model: posix
gcc version 4.4.3 (Ubuntu 4.4.3-4ubuntu5) 
configure:2330: $? = 0
configure:2319: g++ -V >&5
g++: '-V' option must have argument
configure:2330: $? = 1
configure:2319: g++ -qversion >&5
g++: unrecognized option '-qversion'
g++: no input files
configure:2330: $? = 1
configure:2350: checking whether the C++ compiler works
configure:2372: g++    conftest.cpp  >&5
configure:2376: $? = 0
configure:2425: result: yes
configure:2428: checking for C++ compiler default output file name
configure:2430: result: a.out
configure:2436: checking for suffix of executables
configure:2443: g++ -o conftest    conftest.cpp  >&5
configure:2447: $? = 0
configure:2469: result: 
configure:2491: checking whether we are cross compiling
configure:2499: g++ -o conftest    conftest.cpp  >&5
configure:2503: $? = 0
configure:2510: ./conftest
configure:2514: $? = 0
configure:2529: result: no
configure:2534: checking for suffix of object files
configure:2556: g++ -c   conftest.cpp >&5
configure:2560: $? = 0
configure:2581: result: o
configure:2585: checking whether we are using the GNU C++ compiler
configure:2604: g++ -c   conftest.cpp >&5
configure:2604: $? = 0
configure:2613: result: yes
configure:2622: checking whether g++ accepts -g
configure:2642: g++ -c -g  conftest.cpp >&5
configure:2642: $? = 0
configure:2683: result: yes
configure:2717: checking for style of include used by make
configure:2745: result: GNU
configure:2773: checking dependency style of g++
configure:2863: result: gcc3
configure:2923: checking for ranlib
configure:2939: found /usr/bin/ranlib
configure:2950: result: ranlib
configure:3126: creating ./config.status

## ---------------------- ##
## Running config.status. ##
## ---------------------- ##

This file was extended by config.status, which was
generated by GNU Autoconf 2.65.  Invocation command line was

  CONFIG_FILES    = 
  CONFIG_HEADERS  = 
  CONFIG_LINKS    = 
  CONFIG_COMMANDS = 
  $ ./config.status 

on ubuntu

config.status:775: creating Makefile
config.status:878: WARNING:  'Makefile.in' seems to ignore the --datarootdir setting
config.status:775: creating ELFIO/Makefile
config.status:878: WARNING:  'ELFIO/Makefile.in' seems to ignore the --datarootdir setting
config.status:775: creating Examples/Makefile
config.status:878: WARNING:  'Examples/Makefile.in' seems to ignore the --datarootdir setting
config.status:775: creating Examples/ELFDump/Makefile
config.status:878: WARNING:  'Examples/ELFDump/Makefile.in' seems to ignore the --datarootdir setting
config.status:775: creating Examples/RelocationTable/Makefile
config.status:878: WARNING:  'Examples/RelocationTable/Makefile.in' seems to ignore the --datarootdir setting
config.status:775: creating Examples/Writer/Makefile
config.status:878: WARNING:  'Examples/Writer/Makefile.in' seems to ignore the --datarootdir setting
config.status:775: creating Examples/WriteObj/Makefile
config.status:878: WARNING:  'Examples/WriteObj/Makefile.in' seems to ignore the --datarootdir setting
config.status:775: creating Examples/WriteObj2/Makefile
config.status:878: WARNING:  'Examples/WriteObj2/Makefile.in' seems to ignore the --datarootdir setting
config.status:775: creating Examples/tutorial/Makefile
config.status:878: WARNING:  'Examples/tutorial/Makefile.in' seems to ignore the --datarootdir setting
config.status:775: creating doc/Makefile
config.status:878: WARNING:  'doc/Makefile.in' seems to ignore the --datarootdir setting
config.status:932: executing depfiles commands

## ---------------- ##
## Cache variables. ##
## ---------------- ##

ac_cv_cxx_compiler_gnu=yes
ac_cv_env_CCC_set=
ac_cv_env_CCC_value=
ac_cv_env_CPPFLAGS_set=
ac_cv_env_CPPFLAGS_value=
ac_cv_env_CXXFLAGS_set=
ac_cv_env_CXXFLAGS_value=
ac_cv_env_CXX_set=
ac_cv_env_CXX_value=
ac_cv_env_LDFLAGS_set=
ac_cv_env_LDFLAGS_value=
ac_cv_env_LIBS_set=
ac_cv_env_LIBS_value=
ac_cv_env_build_alias_set=
ac_cv_env_build_alias_value=
ac_cv_env_host_alias_set=
ac_cv_env_host_alias_value=
ac_cv_env_target_alias_set=
ac_cv_env_target_alias_value=
ac_cv_objext=o
ac_cv_path_install='/usr/bin/install -c'
ac_cv_prog_AWK=gawk
ac_cv_prog_ac_ct_CXX=g++
ac_cv_prog_ac_ct_RANLIB=ranlib
ac_cv_prog_cxx_g=yes
ac_cv_prog_make_make_set=yes
am_cv_CXX_dependencies_compiler_type=gcc3

## ----------------- ##
## Output variables. ##
## ----------------- ##

ACLOCAL='${SHELL} /home/jdh8d/peasoup/uva/stack_rewrite/ELFIO-1.0.3/missing --run aclocal-1.9'
AMDEPBACKSLASH='\'
AMDEP_FALSE='#'
AMDEP_TRUE=''
AMTAR='${SHELL} /home/jdh8d/peasoup/uva/stack_rewrite/ELFIO-1.0.3/missing --run tar'
AUTOCONF='${SHELL} /home/jdh8d/peasoup/uva/stack_rewrite/ELFIO-1.0.3/missing --run autoconf'
AUTOHEADER='${SHELL} /home/jdh8d/peasoup/uva/stack_rewrite/ELFIO-1.0.3/missing --run autoheader'
AUTOMAKE='${SHELL} /home/jdh8d/peasoup/uva/stack_rewrite/ELFIO-1.0.3/missing --run automake-1.9'
AWK='gawk'
CPPFLAGS=''
CXX='g++'
CXXDEPMODE='depmode=gcc3'
CXXFLAGS='-g -O2'
CYGPATH_W='echo'
DEFS='-DPACKAGE_NAME=\"\" -DPACKAGE_TARNAME=\"\" -DPACKAGE_VERSION=\"\" -DPACKAGE_STRING=\"\" -DPACKAGE_BUGREPORT=\"\" -DPACKAGE_URL=\"\" -DPACKAGE=\"ELFIO\" -DVERSION=\"1.0.3\"'
DEPDIR='.deps'
ECHO_C=''
ECHO_N='-n'
ECHO_T=''
EXEEXT=''
INSTALL_DATA='${INSTALL} -m 644'
INSTALL_PROGRAM='${INSTALL}'
INSTALL_SCRIPT='${INSTALL}'
INSTALL_STRIP_PROGRAM='${SHELL} $(install_sh) -c -s'
LDFLAGS=''
LIBOBJS=''
LIBS=''
LTLIBOBJS=''
MAKEINFO='${SHELL} /home/jdh8d/peasoup/uva/stack_rewrite/ELFIO-1.0.3/missing --run makeinfo'
OBJEXT='o'
PACKAGE='ELFIO'
PACKAGE_BUGREPORT=''
PACKAGE_NAME=''
PACKAGE_STRING=''
PACKAGE_TARNAME=''
PACKAGE_URL=''
PACKAGE_VERSION=''
PATH_SEPARATOR=':'
RANLIB='ranlib'
SET_MAKE=''
SHELL='/bin/bash'
STRIP=''
VERSION='1.0.3'
ac_ct_CXX='g++'
am__fastdepCXX_FALSE='#'
am__fastdepCXX_TRUE=''
am__include='include'
am__leading_dot='.'
am__quote=''
am__tar='${AMTAR} chof - "$$tardir"'
am__untar='${AMTAR} xf -'
bindir='${exec_prefix}/bin'
build_alias=''
datadir='${datarootdir}'
datarootdir='${prefix}/share'
docdir='${datarootdir}/doc/${PACKAGE}'
dvidir='${docdir}'
exec_prefix='${prefix}'
host_alias=''
htmldir='${docdir}'
includedir='${prefix}/include'
infodir='${datarootdir}/info'
install_sh='/home/jdh8d/peasoup/uva/stack_rewrite/ELFIO-1.0.3/install-sh'
libdir='${exec_prefix}/lib'
libexecdir='${exec_prefix}/libexec'
localedir='${datarootdir}/locale'
localstatedir='${prefix}/var'
mandir='${datarootdir}/man'
mkdir_p='mkdir -p --'
oldincludedir='/usr/include'
pdfdir='${docdir}'
prefix='/home/jdh8d/peasoup/uva/stack_rewrite'
program_transform_name='s,x,x,'
psdir='${docdir}'
sbindir='${exec_prefix}/sbin'
sharedstatedir='${prefix}/com'
sysconfdir='${prefix}/etc'
target_alias=''

## ----------- ##
## confdefs.h. ##
## ----------- ##

/* confdefs.h */
#define PACKAGE_NAME ""
#define PACKAGE_TARNAME ""
#define PACKAGE_VERSION ""
#define PACKAGE_STRING ""
#define PACKAGE_BUGREPORT ""
#define PACKAGE_URL ""
#define PACKAGE "ELFIO"
#define VERSION "1.0.3"

configure: exit 0
