This file contains any messages produced by compilers while
running configure, to aid debugging if configure makes a mistake.

It was created by configure, which was
generated by GNU Autoconf 2.59.  Invocation command line was

  $ ./configure 

## --------- ##
## Platform. ##
## --------- ##

hostname = stonesoup-5
uname -m = i686
uname -r = 2.6.18-274.el5
uname -s = Linux
uname -v = #1 SMP Fri Jul 8 17:39:55 EDT 2011

/usr/bin/uname -p = unknown
/bin/uname -X     = unknown

/bin/arch              = i686
/usr/bin/arch -k       = unknown
/usr/convex/getsysinfo = unknown
hostinfo               = unknown
/bin/machine           = unknown
/usr/bin/oslevel       = unknown
/bin/universe          = unknown

PATH: /usr/local/ant/apache-ant-1.8.2/bin
PATH: /usr/local/fortify/Fortify-360-3.1.0-Analyzers_and_Apps/bin
PATH: /usr/kerberos/bin
PATH: /usr/local/bin
PATH: /bin
PATH: /usr/bin
PATH: /home/swang/bin


## ----------- ##
## Core tests. ##
## ----------- ##

configure:1336: checking for a BSD-compatible install
configure:1391: result: /usr/bin/install -c
configure:1402: checking whether build environment is sane
configure:1445: result: yes
configure:1502: checking for gawk
configure:1518: found /bin/gawk
configure:1528: result: gawk
configure:1538: checking whether make sets $(MAKE)
configure:1558: result: yes
configure:1774: checking for gcc
configure:1790: found /usr/bin/gcc
configure:1800: result: gcc
configure:2044: checking for C compiler version
configure:2047: gcc --version </dev/null >&5
gcc (GCC) 4.1.2 20080704 (Red Hat 4.1.2-51)
Copyright (C) 2006 Free Software Foundation, Inc.
This is free software; see the source for copying conditions.  There is NO
warranty; not even for MERCHANTABILITY or FITNESS FOR A PARTICULAR PURPOSE.

configure:2050: $? = 0
configure:2052: gcc -v </dev/null >&5
Using built-in specs.
Target: i386-redhat-linux
Configured with: ../configure --prefix=/usr --mandir=/usr/share/man --infodir=/usr/share/info --enable-shared --enable-threads=posix --enable-checking=release --with-system-zlib --enable-__cxa_atexit --disable-libunwind-exceptions --enable-libgcj-multifile --enable-languages=c,c++,objc,obj-c++,java,fortran,ada --enable-java-awt=gtk --disable-dssi --disable-plugin --with-java-home=/usr/lib/jvm/java-1.4.2-gcj-1.4.2.0/jre --with-cpu=generic --host=i386-redhat-linux
Thread model: posix
gcc version 4.1.2 20080704 (Red Hat 4.1.2-51)
configure:2055: $? = 0
configure:2057: gcc -V </dev/null >&5
gcc: '-V' option must have argument
configure:2060: $? = 1
configure:2083: checking for C compiler default output file name
configure:2086: gcc    conftest.c  >&5
configure:2089: $? = 0
configure:2135: result: a.out
configure:2140: checking whether the C compiler works
configure:2146: ./a.out
configure:2149: $? = 0
configure:2166: result: yes
configure:2173: checking whether we are cross compiling
configure:2175: result: no
configure:2178: checking for suffix of executables
configure:2180: gcc -o conftest    conftest.c  >&5
configure:2183: $? = 0
configure:2208: result: 
configure:2214: checking for suffix of object files
configure:2235: gcc -c   conftest.c >&5
configure:2238: $? = 0
configure:2260: result: o
configure:2264: checking whether we are using the GNU C compiler
configure:2288: gcc -c   conftest.c >&5
configure:2294: $? = 0
configure:2298: test -z 
			 || test ! -s conftest.err
configure:2301: $? = 0
configure:2304: test -s conftest.o
configure:2307: $? = 0
configure:2320: result: yes
configure:2326: checking whether gcc accepts -g
configure:2347: gcc -c -g  conftest.c >&5
configure:2353: $? = 0
configure:2357: test -z 
			 || test ! -s conftest.err
configure:2360: $? = 0
configure:2363: test -s conftest.o
configure:2366: $? = 0
configure:2377: result: yes
configure:2394: checking for gcc option to accept ANSI C
configure:2464: gcc  -c -g -O2  conftest.c >&5
configure:2470: $? = 0
configure:2474: test -z 
			 || test ! -s conftest.err
configure:2477: $? = 0
configure:2480: test -s conftest.o
configure:2483: $? = 0
configure:2501: result: none needed
configure:2519: gcc -c -g -O2  conftest.c >&5
conftest.c:2: error: expected '=', ',', ';', 'asm' or '__attribute__' before 'me'
configure:2525: $? = 1
configure: failed program was:
| #ifndef __cplusplus
|   choke me
| #endif
configure:2669: checking for style of include used by make
configure:2697: result: GNU
configure:2725: checking dependency style of gcc
configure:2810: result: gcc3
configure:2832: checking how to run the C preprocessor
configure:2867: gcc -E  conftest.c
configure:2873: $? = 0
configure:2905: gcc -E  conftest.c
conftest.c:11:28: error: ac_nonexistent.h: No such file or directory
configure:2911: $? = 1
configure: failed program was:
| /* confdefs.h.  */
| 
| #define PACKAGE_NAME ""
| #define PACKAGE_TARNAME ""
| #define PACKAGE_VERSION ""
| #define PACKAGE_STRING ""
| #define PACKAGE_BUGREPORT ""
| #define PACKAGE "html-xml-utils"
| #define VERSION "3.0"
| /* end confdefs.h.  */
| #include <ac_nonexistent.h>
configure:2950: result: gcc -E
configure:2974: gcc -E  conftest.c
configure:2980: $? = 0
configure:3012: gcc -E  conftest.c
conftest.c:11:28: error: ac_nonexistent.h: No such file or directory
configure:3018: $? = 1
configure: failed program was:
| /* confdefs.h.  */
| 
| #define PACKAGE_NAME ""
| #define PACKAGE_TARNAME ""
| #define PACKAGE_VERSION ""
| #define PACKAGE_STRING ""
| #define PACKAGE_BUGREPORT ""
| #define PACKAGE "html-xml-utils"
| #define VERSION "3.0"
| /* end confdefs.h.  */
| #include <ac_nonexistent.h>
configure:3074: checking for a BSD-compatible install
configure:3129: result: /usr/bin/install -c
configure:3145: checking for gawk
configure:3171: result: gawk
configure:3186: checking how to run the C preprocessor
configure:3304: result: gcc -E
configure:3328: gcc -E  conftest.c
configure:3334: $? = 0
configure:3366: gcc -E  conftest.c
conftest.c:11:28: error: ac_nonexistent.h: No such file or directory
configure:3372: $? = 1
configure: failed program was:
| /* confdefs.h.  */
| 
| #define PACKAGE_NAME ""
| #define PACKAGE_TARNAME ""
| #define PACKAGE_VERSION ""
| #define PACKAGE_STRING ""
| #define PACKAGE_BUGREPORT ""
| #define PACKAGE "html-xml-utils"
| #define VERSION "3.0"
| /* end confdefs.h.  */
| #include <ac_nonexistent.h>
configure:3420: checking for flex
configure:3449: result: no
configure:3420: checking for lex
configure:3449: result: no
configure:3459: checking for yywrap in -lfl
configure:3489: gcc -o conftest -g -O2   conftest.c -lfl   >&5
/usr/bin/ld: cannot find -lfl
collect2: ld returned 1 exit status
configure:3495: $? = 1
configure: failed program was:
| /* confdefs.h.  */
| 
| #define PACKAGE_NAME ""
| #define PACKAGE_TARNAME ""
| #define PACKAGE_VERSION ""
| #define PACKAGE_STRING ""
| #define PACKAGE_BUGREPORT ""
| #define PACKAGE "html-xml-utils"
| #define VERSION "3.0"
| /* end confdefs.h.  */
| 
| /* Override any gcc2 internal prototype to avoid an error.  */
| #ifdef __cplusplus
| extern "C"
| #endif
| /* We use char because int might match the return type of a gcc2
|    builtin and then its argument prototype would still apply.  */
| char yywrap ();
| int
| main ()
| {
| yywrap ();
|   ;
|   return 0;
| }
configure:3521: result: no
configure:3526: checking for yywrap in -ll
configure:3556: gcc -o conftest -g -O2   conftest.c -ll   >&5
/usr/bin/ld: cannot find -ll
collect2: ld returned 1 exit status
configure:3562: $? = 1
configure: failed program was:
| /* confdefs.h.  */
| 
| #define PACKAGE_NAME ""
| #define PACKAGE_TARNAME ""
| #define PACKAGE_VERSION ""
| #define PACKAGE_STRING ""
| #define PACKAGE_BUGREPORT ""
| #define PACKAGE "html-xml-utils"
| #define VERSION "3.0"
| /* end confdefs.h.  */
| 
| /* Override any gcc2 internal prototype to avoid an error.  */
| #ifdef __cplusplus
| extern "C"
| #endif
| /* We use char because int might match the return type of a gcc2
|    builtin and then its argument prototype would still apply.  */
| char yywrap ();
| int
| main ()
| {
| yywrap ();
|   ;
|   return 0;
| }
configure:3588: result: no
configure:3697: checking for bison
configure:3726: result: no
configure:3697: checking for byacc
configure:3726: result: no
configure:3737: checking for library containing socket
configure:3767: gcc -o conftest -g -O2   conftest.c  >&5
configure:3773: $? = 0
configure:3777: test -z 
			 || test ! -s conftest.err
configure:3780: $? = 0
configure:3783: test -s conftest
configure:3786: $? = 0
configure:3856: result: none required
configure:3863: checking for library containing gethostbyname
configure:3893: gcc -o conftest -g -O2   conftest.c  >&5
configure:3899: $? = 0
configure:3903: test -z 
			 || test ! -s conftest.err
configure:3906: $? = 0
configure:3909: test -s conftest
configure:3912: $? = 0
configure:3982: result: none required
configure:3992: checking for egrep
configure:4002: result: grep -E
configure:4007: checking for ANSI C header files
configure:4032: gcc -c -g -O2  conftest.c >&5
configure:4038: $? = 0
configure:4042: test -z 
			 || test ! -s conftest.err
configure:4045: $? = 0
configure:4048: test -s conftest.o
configure:4051: $? = 0
configure:4140: gcc -o conftest -g -O2   conftest.c  >&5
conftest.c: In function 'main':
conftest.c:28: warning: incompatible implicit declaration of built-in function 'exit'
configure:4143: $? = 0
configure:4145: ./conftest
configure:4148: $? = 0
configure:4163: result: yes
configure:4187: checking for sys/types.h
configure:4203: gcc -c -g -O2  conftest.c >&5
configure:4209: $? = 0
configure:4213: test -z 
			 || test ! -s conftest.err
configure:4216: $? = 0
configure:4219: test -s conftest.o
configure:4222: $? = 0
configure:4233: result: yes
configure:4187: checking for sys/stat.h
configure:4203: gcc -c -g -O2  conftest.c >&5
configure:4209: $? = 0
configure:4213: test -z 
			 || test ! -s conftest.err
configure:4216: $? = 0
configure:4219: test -s conftest.o
configure:4222: $? = 0
configure:4233: result: yes
configure:4187: checking for stdlib.h
configure:4203: gcc -c -g -O2  conftest.c >&5
configure:4209: $? = 0
configure:4213: test -z 
			 || test ! -s conftest.err
configure:4216: $? = 0
configure:4219: test -s conftest.o
configure:4222: $? = 0
configure:4233: result: yes
configure:4187: checking for string.h
configure:4203: gcc -c -g -O2  conftest.c >&5
configure:4209: $? = 0
configure:4213: test -z 
			 || test ! -s conftest.err
configure:4216: $? = 0
configure:4219: test -s conftest.o
configure:4222: $? = 0
configure:4233: result: yes
configure:4187: checking for memory.h
configure:4203: gcc -c -g -O2  conftest.c >&5
configure:4209: $? = 0
configure:4213: test -z 
			 || test ! -s conftest.err
configure:4216: $? = 0
configure:4219: test -s conftest.o
configure:4222: $? = 0
configure:4233: result: yes
configure:4187: checking for strings.h
configure:4203: gcc -c -g -O2  conftest.c >&5
configure:4209: $? = 0
configure:4213: test -z 
			 || test ! -s conftest.err
configure:4216: $? = 0
configure:4219: test -s conftest.o
configure:4222: $? = 0
configure:4233: result: yes
configure:4187: checking for inttypes.h
configure:4203: gcc -c -g -O2  conftest.c >&5
configure:4209: $? = 0
configure:4213: test -z 
			 || test ! -s conftest.err
configure:4216: $? = 0
configure:4219: test -s conftest.o
configure:4222: $? = 0
configure:4233: result: yes
configure:4187: checking for stdint.h
configure:4203: gcc -c -g -O2  conftest.c >&5
configure:4209: $? = 0
configure:4213: test -z 
			 || test ! -s conftest.err
configure:4216: $? = 0
configure:4219: test -s conftest.o
configure:4222: $? = 0
configure:4233: result: yes
configure:4187: checking for unistd.h
configure:4203: gcc -c -g -O2  conftest.c >&5
configure:4209: $? = 0
configure:4213: test -z 
			 || test ! -s conftest.err
configure:4216: $? = 0
configure:4219: test -s conftest.o
configure:4222: $? = 0
configure:4233: result: yes
configure:4270: checking arpa/inet.h usability
configure:4282: gcc -c -g -O2  conftest.c >&5
configure:4288: $? = 0
configure:4292: test -z 
			 || test ! -s conftest.err
configure:4295: $? = 0
configure:4298: test -s conftest.o
configure:4301: $? = 0
configure:4311: result: yes
configure:4315: checking arpa/inet.h presence
configure:4325: gcc -E  conftest.c
configure:4331: $? = 0
configure:4351: result: yes
configure:4386: checking for arpa/inet.h
configure:4393: result: yes
configure:4270: checking errno.h usability
configure:4282: gcc -c -g -O2  conftest.c >&5
configure:4288: $? = 0
configure:4292: test -z 
			 || test ! -s conftest.err
configure:4295: $? = 0
configure:4298: test -s conftest.o
configure:4301: $? = 0
configure:4311: result: yes
configure:4315: checking errno.h presence
configure:4325: gcc -E  conftest.c
configure:4331: $? = 0
configure:4351: result: yes
configure:4386: checking for errno.h
configure:4393: result: yes
configure:4270: checking fcntl.h usability
configure:4282: gcc -c -g -O2  conftest.c >&5
configure:4288: $? = 0
configure:4292: test -z 
			 || test ! -s conftest.err
configure:4295: $? = 0
configure:4298: test -s conftest.o
configure:4301: $? = 0
configure:4311: result: yes
configure:4315: checking fcntl.h presence
configure:4325: gcc -E  conftest.c
configure:4331: $? = 0
configure:4351: result: yes
configure:4386: checking for fcntl.h
configure:4393: result: yes
configure:4270: checking netdb.h usability
configure:4282: gcc -c -g -O2  conftest.c >&5
configure:4288: $? = 0
configure:4292: test -z 
			 || test ! -s conftest.err
configure:4295: $? = 0
configure:4298: test -s conftest.o
configure:4301: $? = 0
configure:4311: result: yes
configure:4315: checking netdb.h presence
configure:4325: gcc -E  conftest.c
configure:4331: $? = 0
configure:4351: result: yes
configure:4386: checking for netdb.h
configure:4393: result: yes
configure:4270: checking netinet/in.h usability
configure:4282: gcc -c -g -O2  conftest.c >&5
configure:4288: $? = 0
configure:4292: test -z 
			 || test ! -s conftest.err
configure:4295: $? = 0
configure:4298: test -s conftest.o
configure:4301: $? = 0
configure:4311: result: yes
configure:4315: checking netinet/in.h presence
configure:4325: gcc -E  conftest.c
configure:4331: $? = 0
configure:4351: result: yes
configure:4386: checking for netinet/in.h
configure:4393: result: yes
configure:4270: checking stddef.h usability
configure:4282: gcc -c -g -O2  conftest.c >&5
configure:4288: $? = 0
configure:4292: test -z 
			 || test ! -s conftest.err
configure:4295: $? = 0
configure:4298: test -s conftest.o
configure:4301: $? = 0
configure:4311: result: yes
configure:4315: checking stddef.h presence
configure:4325: gcc -E  conftest.c
configure:4331: $? = 0
configure:4351: result: yes
configure:4386: checking for stddef.h
configure:4393: result: yes
configure:4261: checking for stdlib.h
configure:4266: result: yes
configure:4261: checking for string.h
configure:4266: result: yes
configure:4270: checking sys/socket.h usability
configure:4282: gcc -c -g -O2  conftest.c >&5
configure:4288: $? = 0
configure:4292: test -z 
			 || test ! -s conftest.err
configure:4295: $? = 0
configure:4298: test -s conftest.o
configure:4301: $? = 0
configure:4311: result: yes
configure:4315: checking sys/socket.h presence
configure:4325: gcc -E  conftest.c
configure:4331: $? = 0
configure:4351: result: yes
configure:4386: checking for sys/socket.h
configure:4393: result: yes
configure:4261: checking for unistd.h
configure:4266: result: yes
configure:4270: checking search.h usability
configure:4282: gcc -c -g -O2  conftest.c >&5
configure:4288: $? = 0
configure:4292: test -z 
			 || test ! -s conftest.err
configure:4295: $? = 0
configure:4298: test -s conftest.o
configure:4301: $? = 0
configure:4311: result: yes
configure:4315: checking search.h presence
configure:4325: gcc -E  conftest.c
configure:4331: $? = 0
configure:4351: result: yes
configure:4386: checking for search.h
configure:4393: result: yes
configure:4270: checking machine/ansi.h usability
configure:4282: gcc -c -g -O2  conftest.c >&5
conftest.c:66:26: error: machine/ansi.h: No such file or directory
configure:4288: $? = 1
configure: failed program was:
| /* confdefs.h.  */
| 
| #define PACKAGE_NAME ""
| #define PACKAGE_TARNAME ""
| #define PACKAGE_VERSION ""
| #define PACKAGE_STRING ""
| #define PACKAGE_BUGREPORT ""
| #define PACKAGE "html-xml-utils"
| #define VERSION "3.0"
| #define STDC_HEADERS 1
| #define HAVE_SYS_TYPES_H 1
| #define HAVE_SYS_STAT_H 1
| #define HAVE_STDLIB_H 1
| #define HAVE_STRING_H 1
| #define HAVE_MEMORY_H 1
| #define HAVE_STRINGS_H 1
| #define HAVE_INTTYPES_H 1
| #define HAVE_STDINT_H 1
| #define HAVE_UNISTD_H 1
| #define HAVE_ARPA_INET_H 1
| #define HAVE_ERRNO_H 1
| #define HAVE_FCNTL_H 1
| #define HAVE_NETDB_H 1
| #define HAVE_NETINET_IN_H 1
| #define HAVE_STDDEF_H 1
| #define HAVE_STDLIB_H 1
| #define HAVE_STRING_H 1
| #define HAVE_SYS_SOCKET_H 1
| #define HAVE_UNISTD_H 1
| #define HAVE_SEARCH_H 1
| /* end confdefs.h.  */
| #include <stdio.h>
| #if HAVE_SYS_TYPES_H
| # include <sys/types.h>
| #endif
| #if HAVE_SYS_STAT_H
| # include <sys/stat.h>
| #endif
| #if STDC_HEADERS
| # include <stdlib.h>
| # include <stddef.h>
| #else
| # if HAVE_STDLIB_H
| #  include <stdlib.h>
| # endif
| #endif
| #if HAVE_STRING_H
| # if !STDC_HEADERS && HAVE_MEMORY_H
| #  include <memory.h>
| # endif
| # include <string.h>
| #endif
| #if HAVE_STRINGS_H
| # include <strings.h>
| #endif
| #if HAVE_INTTYPES_H
| # include <inttypes.h>
| #else
| # if HAVE_STDINT_H
| #  include <stdint.h>
| # endif
| #endif
| #if HAVE_UNISTD_H
| # include <unistd.h>
| #endif
| #include <machine/ansi.h>
configure:4311: result: no
configure:4315: checking machine/ansi.h presence
configure:4325: gcc -E  conftest.c
conftest.c:32:26: error: machine/ansi.h: No such file or directory
configure:4331: $? = 1
configure: failed program was:
| /* confdefs.h.  */
| 
| #define PACKAGE_NAME ""
| #define PACKAGE_TARNAME ""
| #define PACKAGE_VERSION ""
| #define PACKAGE_STRING ""
| #define PACKAGE_BUGREPORT ""
| #define PACKAGE "html-xml-utils"
| #define VERSION "3.0"
| #define STDC_HEADERS 1
| #define HAVE_SYS_TYPES_H 1
| #define HAVE_SYS_STAT_H 1
| #define HAVE_STDLIB_H 1
| #define HAVE_STRING_H 1
| #define HAVE_MEMORY_H 1
| #define HAVE_STRINGS_H 1
| #define HAVE_INTTYPES_H 1
| #define HAVE_STDINT_H 1
| #define HAVE_UNISTD_H 1
| #define HAVE_ARPA_INET_H 1
| #define HAVE_ERRNO_H 1
| #define HAVE_FCNTL_H 1
| #define HAVE_NETDB_H 1
| #define HAVE_NETINET_IN_H 1
| #define HAVE_STDDEF_H 1
| #define HAVE_STDLIB_H 1
| #define HAVE_STRING_H 1
| #define HAVE_SYS_SOCKET_H 1
| #define HAVE_UNISTD_H 1
| #define HAVE_SEARCH_H 1
| /* end confdefs.h.  */
| #include <machine/ansi.h>
configure:4351: result: no
configure:4386: checking for machine/ansi.h
configure:4393: result: no
configure:4408: checking for an ANSI C-conforming const
configure:4475: gcc -c -g -O2  conftest.c >&5
configure:4481: $? = 0
configure:4485: test -z 
			 || test ! -s conftest.err
configure:4488: $? = 0
configure:4491: test -s conftest.o
configure:4494: $? = 0
configure:4505: result: yes
configure:4515: checking for inline
configure:4536: gcc -c -g -O2  conftest.c >&5
configure:4542: $? = 0
configure:4546: test -z 
			 || test ! -s conftest.err
configure:4549: $? = 0
configure:4552: test -s conftest.o
configure:4555: $? = 0
configure:4567: result: inline
configure:4586: checking for size_t
configure:4610: gcc -c -g -O2  conftest.c >&5
configure:4616: $? = 0
configure:4620: test -z 
			 || test ! -s conftest.err
configure:4623: $? = 0
configure:4626: test -s conftest.o
configure:4629: $? = 0
configure:4640: result: yes
configure:4660: checking for stdlib.h
configure:4665: result: yes
configure:4805: checking for GNU libc compatible malloc
configure:4834: gcc -o conftest -g -O2   conftest.c  >&5
configure:4837: $? = 0
configure:4839: ./conftest
configure:4842: $? = 0
configure:4856: result: yes
configure:4887: checking whether strerror_r is declared
configure:4911: gcc -c -g -O2  conftest.c >&5
configure:4917: $? = 0
configure:4921: test -z 
			 || test ! -s conftest.err
configure:4924: $? = 0
configure:4927: test -s conftest.o
configure:4930: $? = 0
configure:4941: result: yes
configure:4963: checking for strerror_r
configure:5020: gcc -o conftest -g -O2   conftest.c  >&5
configure:5026: $? = 0
configure:5030: test -z 
			 || test ! -s conftest.err
configure:5033: $? = 0
configure:5036: test -s conftest
configure:5039: $? = 0
configure:5051: result: yes
configure:5061: checking whether strerror_r returns char *
configure:5089: gcc -c -g -O2  conftest.c >&5
conftest.c: In function 'main':
conftest.c:75: error: invalid type argument of 'unary *'
conftest.c:76: warning: initialization makes pointer from integer without a cast
configure:5095: $? = 1
configure: failed program was:
| /* confdefs.h.  */
| 
| #define PACKAGE_NAME ""
| #define PACKAGE_TARNAME ""
| #define PACKAGE_VERSION ""
| #define PACKAGE_STRING ""
| #define PACKAGE_BUGREPORT ""
| #define PACKAGE "html-xml-utils"
| #define VERSION "3.0"
| #define STDC_HEADERS 1
| #define HAVE_SYS_TYPES_H 1
| #define HAVE_SYS_STAT_H 1
| #define HAVE_STDLIB_H 1
| #define HAVE_STRING_H 1
| #define HAVE_MEMORY_H 1
| #define HAVE_STRINGS_H 1
| #define HAVE_INTTYPES_H 1
| #define HAVE_STDINT_H 1
| #define HAVE_UNISTD_H 1
| #define HAVE_ARPA_INET_H 1
| #define HAVE_ERRNO_H 1
| #define HAVE_FCNTL_H 1
| #define HAVE_NETDB_H 1
| #define HAVE_NETINET_IN_H 1
| #define HAVE_STDDEF_H 1
| #define HAVE_STDLIB_H 1
| #define HAVE_STRING_H 1
| #define HAVE_SYS_SOCKET_H 1
| #define HAVE_UNISTD_H 1
| #define HAVE_SEARCH_H 1
| #define HAVE_STDLIB_H 1
| #define HAVE_MALLOC 1
| #define HAVE_DECL_STRERROR_R 1
| #define HAVE_STRERROR_R 1
| /* end confdefs.h.  */
| #include <stdio.h>
| #if HAVE_SYS_TYPES_H
| # include <sys/types.h>
| #endif
| #if HAVE_SYS_STAT_H
| # include <sys/stat.h>
| #endif
| #if STDC_HEADERS
| # include <stdlib.h>
| # include <stddef.h>
| #else
| # if HAVE_STDLIB_H
| #  include <stdlib.h>
| # endif
| #endif
| #if HAVE_STRING_H
| # if !STDC_HEADERS && HAVE_MEMORY_H
| #  include <memory.h>
| # endif
| # include <string.h>
| #endif
| #if HAVE_STRINGS_H
| # include <strings.h>
| #endif
| #if HAVE_INTTYPES_H
| # include <inttypes.h>
| #else
| # if HAVE_STDINT_H
| #  include <stdint.h>
| # endif
| #endif
| #if HAVE_UNISTD_H
| # include <unistd.h>
| #endif
| int
| main ()
| {
| 
| 	  char buf[100];
| 	  char x = *strerror_r (0, buf, sizeof buf);
| 	  char *p = strerror_r (0, buf, sizeof buf);
| 
|   ;
|   return 0;
| }
configure:5168: result: no
configure:5182: checking for vprintf
configure:5239: gcc -o conftest -g -O2   conftest.c  >&5
conftest.c:60: warning: conflicting types for built-in function 'vprintf'
configure:5245: $? = 0
configure:5249: test -z 
			 || test ! -s conftest.err
configure:5252: $? = 0
configure:5255: test -s conftest
configure:5258: $? = 0
configure:5270: result: yes
configure:5277: checking for _doprnt
configure:5334: gcc -o conftest -g -O2   conftest.c  >&5
/tmp/ccmyXs6O.o: In function `main':
/home/swang/real_world_test_cases/src/c_track/html_xml_utils/html-xml-utils-3.0/conftest.c:76: undefined reference to `_doprnt'
/tmp/ccmyXs6O.o:(.data+0x0): undefined reference to `_doprnt'
collect2: ld returned 1 exit status
configure:5340: $? = 1
configure: failed program was:
| /* confdefs.h.  */
| 
| #define PACKAGE_NAME ""
| #define PACKAGE_TARNAME ""
| #define PACKAGE_VERSION ""
| #define PACKAGE_STRING ""
| #define PACKAGE_BUGREPORT ""
| #define PACKAGE "html-xml-utils"
| #define VERSION "3.0"
| #define STDC_HEADERS 1
| #define HAVE_SYS_TYPES_H 1
| #define HAVE_SYS_STAT_H 1
| #define HAVE_STDLIB_H 1
| #define HAVE_STRING_H 1
| #define HAVE_MEMORY_H 1
| #define HAVE_STRINGS_H 1
| #define HAVE_INTTYPES_H 1
| #define HAVE_STDINT_H 1
| #define HAVE_UNISTD_H 1
| #define HAVE_ARPA_INET_H 1
| #define HAVE_ERRNO_H 1
| #define HAVE_FCNTL_H 1
| #define HAVE_NETDB_H 1
| #define HAVE_NETINET_IN_H 1
| #define HAVE_STDDEF_H 1
| #define HAVE_STDLIB_H 1
| #define HAVE_STRING_H 1
| #define HAVE_SYS_SOCKET_H 1
| #define HAVE_UNISTD_H 1
| #define HAVE_SEARCH_H 1
| #define HAVE_STDLIB_H 1
| #define HAVE_MALLOC 1
| #define HAVE_DECL_STRERROR_R 1
| #define HAVE_STRERROR_R 1
| #define HAVE_VPRINTF 1
| /* end confdefs.h.  */
| /* Define _doprnt to an innocuous variant, in case <limits.h> declares _doprnt.
|    For example, HP-UX 11i <limits.h> declares gettimeofday.  */
| #define _doprnt innocuous__doprnt
| 
| /* System header to define __stub macros and hopefully few prototypes,
|     which can conflict with char _doprnt (); below.
|     Prefer <limits.h> to <assert.h> if __STDC__ is defined, since
|     <limits.h> exists even on freestanding compilers.  */
| 
| #ifdef __STDC__
| # include <limits.h>
| #else
| # include <assert.h>
| #endif
| 
| #undef _doprnt
| 
| /* Override any gcc2 internal prototype to avoid an error.  */
| #ifdef __cplusplus
| extern "C"
| {
| #endif
| /* We use char because int might match the return type of a gcc2
|    builtin and then its argument prototype would still apply.  */
| char _doprnt ();
| /* The GNU C library defines this for functions which it implements
|     to always fail with ENOSYS.  Some functions are actually named
|     something starting with __ and the normal name is an alias.  */
| #if defined (__stub__doprnt) || defined (__stub____doprnt)
| choke me
| #else
| char (*f) () = _doprnt;
| #endif
| #ifdef __cplusplus
| }
| #endif
| 
| int
| main ()
| {
| return f != _doprnt;
|   ;
|   return 0;
| }
configure:5365: result: no
configure:5398: checking for gethostbyname
configure:5455: gcc -o conftest -g -O2   conftest.c  >&5
configure:5461: $? = 0
configure:5465: test -z 
			 || test ! -s conftest.err
configure:5468: $? = 0
configure:5471: test -s conftest
configure:5474: $? = 0
configure:5486: result: yes
configure:5398: checking for memmove
configure:5455: gcc -o conftest -g -O2   conftest.c  >&5
conftest.c:62: warning: conflicting types for built-in function 'memmove'
configure:5461: $? = 0
configure:5465: test -z 
			 || test ! -s conftest.err
configure:5468: $? = 0
configure:5471: test -s conftest
configure:5474: $? = 0
configure:5486: result: yes
configure:5398: checking for memset
configure:5455: gcc -o conftest -g -O2   conftest.c  >&5
conftest.c:63: warning: conflicting types for built-in function 'memset'
configure:5461: $? = 0
configure:5465: test -z 
			 || test ! -s conftest.err
configure:5468: $? = 0
configure:5471: test -s conftest
configure:5474: $? = 0
configure:5486: result: yes
configure:5398: checking for regcomp
configure:5455: gcc -o conftest -g -O2   conftest.c  >&5
configure:5461: $? = 0
configure:5465: test -z 
			 || test ! -s conftest.err
configure:5468: $? = 0
configure:5471: test -s conftest
configure:5474: $? = 0
configure:5486: result: yes
configure:5398: checking for socket
configure:5455: gcc -o conftest -g -O2   conftest.c  >&5
configure:5461: $? = 0
configure:5465: test -z 
			 || test ! -s conftest.err
configure:5468: $? = 0
configure:5471: test -s conftest
configure:5474: $? = 0
configure:5486: result: yes
configure:5398: checking for strcasecmp
configure:5455: gcc -o conftest -g -O2   conftest.c  >&5
conftest.c:66: warning: conflicting types for built-in function 'strcasecmp'
configure:5461: $? = 0
configure:5465: test -z 
			 || test ! -s conftest.err
configure:5468: $? = 0
configure:5471: test -s conftest
configure:5474: $? = 0
configure:5486: result: yes
configure:5398: checking for strchr
configure:5455: gcc -o conftest -g -O2   conftest.c  >&5
conftest.c:67: warning: conflicting types for built-in function 'strchr'
configure:5461: $? = 0
configure:5465: test -z 
			 || test ! -s conftest.err
configure:5468: $? = 0
configure:5471: test -s conftest
configure:5474: $? = 0
configure:5486: result: yes
configure:5398: checking for strcspn
configure:5455: gcc -o conftest -g -O2   conftest.c  >&5
conftest.c:68: warning: conflicting types for built-in function 'strcspn'
configure:5461: $? = 0
configure:5465: test -z 
			 || test ! -s conftest.err
configure:5468: $? = 0
configure:5471: test -s conftest
configure:5474: $? = 0
configure:5486: result: yes
configure:5398: checking for strdup
configure:5455: gcc -o conftest -g -O2   conftest.c  >&5
conftest.c:69: warning: conflicting types for built-in function 'strdup'
configure:5461: $? = 0
configure:5465: test -z 
			 || test ! -s conftest.err
configure:5468: $? = 0
configure:5471: test -s conftest
configure:5474: $? = 0
configure:5486: result: yes
configure:5398: checking for strerror
configure:5455: gcc -o conftest -g -O2   conftest.c  >&5
configure:5461: $? = 0
configure:5465: test -z 
			 || test ! -s conftest.err
configure:5468: $? = 0
configure:5471: test -s conftest
configure:5474: $? = 0
configure:5486: result: yes
configure:5398: checking for strncasecmp
configure:5455: gcc -o conftest -g -O2   conftest.c  >&5
conftest.c:71: warning: conflicting types for built-in function 'strncasecmp'
configure:5461: $? = 0
configure:5465: test -z 
			 || test ! -s conftest.err
configure:5468: $? = 0
configure:5471: test -s conftest
configure:5474: $? = 0
configure:5486: result: yes
configure:5398: checking for strndup
configure:5455: gcc -o conftest -g -O2   conftest.c  >&5
conftest.c:72: warning: conflicting types for built-in function 'strndup'
configure:5461: $? = 0
configure:5465: test -z 
			 || test ! -s conftest.err
configure:5468: $? = 0
configure:5471: test -s conftest
configure:5474: $? = 0
configure:5486: result: yes
configure:5398: checking for strrchr
configure:5455: gcc -o conftest -g -O2   conftest.c  >&5
conftest.c:73: warning: conflicting types for built-in function 'strrchr'
configure:5461: $? = 0
configure:5465: test -z 
			 || test ! -s conftest.err
configure:5468: $? = 0
configure:5471: test -s conftest
configure:5474: $? = 0
configure:5486: result: yes
configure:5398: checking for strspn
configure:5455: gcc -o conftest -g -O2   conftest.c  >&5
conftest.c:74: warning: conflicting types for built-in function 'strspn'
configure:5461: $? = 0
configure:5465: test -z 
			 || test ! -s conftest.err
configure:5468: $? = 0
configure:5471: test -s conftest
configure:5474: $? = 0
configure:5486: result: yes
configure:5398: checking for strstr
configure:5455: gcc -o conftest -g -O2   conftest.c  >&5
conftest.c:75: warning: conflicting types for built-in function 'strstr'
configure:5461: $? = 0
configure:5465: test -z 
			 || test ! -s conftest.err
configure:5468: $? = 0
configure:5471: test -s conftest
configure:5474: $? = 0
configure:5486: result: yes
configure:5398: checking for strtol
configure:5455: gcc -o conftest -g -O2   conftest.c  >&5
configure:5461: $? = 0
configure:5465: test -z 
			 || test ! -s conftest.err
configure:5468: $? = 0
configure:5471: test -s conftest
configure:5474: $? = 0
configure:5486: result: yes
configure:5505: checking for strdup
configure:5593: result: yes
configure:5505: checking for strerror
configure:5593: result: yes
configure:5505: checking for strstr
configure:5593: result: yes
configure:5505: checking for tsearch
configure:5562: gcc -o conftest -g -O2   conftest.c  >&5
configure:5568: $? = 0
configure:5572: test -z 
			 || test ! -s conftest.err
configure:5575: $? = 0
configure:5578: test -s conftest
configure:5581: $? = 0
configure:5593: result: yes
configure:5505: checking for tfind
configure:5562: gcc -o conftest -g -O2   conftest.c  >&5
configure:5568: $? = 0
configure:5572: test -z 
			 || test ! -s conftest.err
configure:5575: $? = 0
configure:5578: test -s conftest
configure:5581: $? = 0
configure:5593: result: yes
configure:5505: checking for twalk
configure:5562: gcc -o conftest -g -O2   conftest.c  >&5
configure:5568: $? = 0
configure:5572: test -z 
			 || test ! -s conftest.err
configure:5575: $? = 0
configure:5578: test -s conftest
configure:5581: $? = 0
configure:5593: result: yes
configure:5732: creating ./config.status

## ---------------------- ##
## Running config.status. ##
## ---------------------- ##

This file was extended by config.status, which was
generated by GNU Autoconf 2.59.  Invocation command line was

  CONFIG_FILES    = 
  CONFIG_HEADERS  = 
  CONFIG_LINKS    = 
  CONFIG_COMMANDS = 
  $ ./config.status 

on stonesoup-5

config.status:692: creating Makefile
config.status:796: creating config.h
config.status:1176: executing depfiles commands

## ---------------- ##
## Cache variables. ##
## ---------------- ##

ac_cv_c_compiler_gnu=yes
ac_cv_c_const=yes
ac_cv_c_inline=inline
ac_cv_env_CC_set=
ac_cv_env_CC_value=
ac_cv_env_CFLAGS_set=
ac_cv_env_CFLAGS_value=
ac_cv_env_CPPFLAGS_set=
ac_cv_env_CPPFLAGS_value=
ac_cv_env_CPP_set=
ac_cv_env_CPP_value=
ac_cv_env_LDFLAGS_set=
ac_cv_env_LDFLAGS_value=
ac_cv_env_build_alias_set=
ac_cv_env_build_alias_value=
ac_cv_env_host_alias_set=
ac_cv_env_host_alias_value=
ac_cv_env_target_alias_set=
ac_cv_env_target_alias_value=
ac_cv_exeext=
ac_cv_func__doprnt=no
ac_cv_func_gethostbyname=yes
ac_cv_func_malloc_0_nonnull=yes
ac_cv_func_memmove=yes
ac_cv_func_memset=yes
ac_cv_func_regcomp=yes
ac_cv_func_socket=yes
ac_cv_func_strcasecmp=yes
ac_cv_func_strchr=yes
ac_cv_func_strcspn=yes
ac_cv_func_strdup=yes
ac_cv_func_strerror=yes
ac_cv_func_strerror_r=yes
ac_cv_func_strerror_r_char_p=no
ac_cv_func_strncasecmp=yes
ac_cv_func_strndup=yes
ac_cv_func_strrchr=yes
ac_cv_func_strspn=yes
ac_cv_func_strstr=yes
ac_cv_func_strtol=yes
ac_cv_func_tfind=yes
ac_cv_func_tsearch=yes
ac_cv_func_twalk=yes
ac_cv_func_vprintf=yes
ac_cv_have_decl_strerror_r=yes
ac_cv_header_arpa_inet_h=yes
ac_cv_header_errno_h=yes
ac_cv_header_fcntl_h=yes
ac_cv_header_inttypes_h=yes
ac_cv_header_machine_ansi_h=no
ac_cv_header_memory_h=yes
ac_cv_header_netdb_h=yes
ac_cv_header_netinet_in_h=yes
ac_cv_header_search_h=yes
ac_cv_header_stdc=yes
ac_cv_header_stddef_h=yes
ac_cv_header_stdint_h=yes
ac_cv_header_stdlib_h=yes
ac_cv_header_string_h=yes
ac_cv_header_strings_h=yes
ac_cv_header_sys_socket_h=yes
ac_cv_header_sys_stat_h=yes
ac_cv_header_sys_types_h=yes
ac_cv_header_unistd_h=yes
ac_cv_lib_fl_yywrap=no
ac_cv_lib_l_yywrap=no
ac_cv_objext=o
ac_cv_path_install='/usr/bin/install -c'
ac_cv_prog_AWK=gawk
ac_cv_prog_CPP='gcc -E'
ac_cv_prog_ac_ct_CC=gcc
ac_cv_prog_cc_g=yes
ac_cv_prog_cc_stdc=
ac_cv_prog_egrep='grep -E'
ac_cv_prog_make_make_set=yes
ac_cv_search_gethostbyname='none required'
ac_cv_search_socket='none required'
ac_cv_type_size_t=yes
am_cv_CC_dependencies_compiler_type=gcc3

## ----------------- ##
## Output variables. ##
## ----------------- ##

ACLOCAL='${SHELL} /home/swang/real_world_test_cases/src/c_track/html_xml_utils/html-xml-utils-3.0/missing --run aclocal'
AMDEPBACKSLASH='\'
AMDEP_FALSE='#'
AMDEP_TRUE=''
AMTAR='${SHELL} /home/swang/real_world_test_cases/src/c_track/html_xml_utils/html-xml-utils-3.0/missing --run tar'
AUTOCONF='${SHELL} /home/swang/real_world_test_cases/src/c_track/html_xml_utils/html-xml-utils-3.0/missing --run autoconf'
AUTOHEADER='${SHELL} /home/swang/real_world_test_cases/src/c_track/html_xml_utils/html-xml-utils-3.0/missing --run autoheader'
AUTOMAKE='${SHELL} /home/swang/real_world_test_cases/src/c_track/html_xml_utils/html-xml-utils-3.0/missing --run automake'
AWK='gawk'
CC='gcc'
CCDEPMODE='depmode=gcc3'
CFLAGS='-g -O2'
CPP='gcc -E'
CPPFLAGS=''
CYGPATH_W='echo'
DEFS='-DHAVE_CONFIG_H'
DEPDIR='.deps'
ECHO_C=''
ECHO_N='-n'
ECHO_T=''
EGREP='grep -E'
EXEEXT=''
INSTALL_DATA='${INSTALL} -m 644'
INSTALL_PROGRAM='${INSTALL}'
INSTALL_SCRIPT='${INSTALL}'
INSTALL_STRIP_PROGRAM='${SHELL} $(install_sh) -c -s'
LDFLAGS=''
LEX='${SHELL} /home/swang/real_world_test_cases/src/c_track/html_xml_utils/html-xml-utils-3.0/missing --run flex'
LEXLIB=''
LEX_OUTPUT_ROOT=''
LIBOBJS=''
LIBS=''
LTLIBOBJS=''
MAKEINFO='${SHELL} /home/swang/real_world_test_cases/src/c_track/html_xml_utils/html-xml-utils-3.0/missing --run makeinfo'
OBJEXT='o'
PACKAGE='html-xml-utils'
PACKAGE_BUGREPORT=''
PACKAGE_NAME=''
PACKAGE_STRING=''
PACKAGE_TARNAME=''
PACKAGE_VERSION=''
PATH_SEPARATOR=':'
SET_MAKE=''
SHELL='/bin/sh'
STRIP=''
VERSION='3.0'
YACC='yacc'
ac_ct_CC='gcc'
ac_ct_STRIP=''
am__fastdepCC_FALSE='#'
am__fastdepCC_TRUE=''
am__include='include'
am__leading_dot='.'
am__quote=''
bindir='${exec_prefix}/bin'
build_alias=''
datadir='${prefix}/share'
exec_prefix='${prefix}'
host_alias=''
includedir='${prefix}/include'
infodir='${prefix}/info'
install_sh='/home/swang/real_world_test_cases/src/c_track/html_xml_utils/html-xml-utils-3.0/install-sh'
lex_opt_flags=''
libdir='${exec_prefix}/lib'
libexecdir='${exec_prefix}/libexec'
localstatedir='${prefix}/var'
mandir='${prefix}/man'
mkdir_p='mkdir -p -- .'
oldincludedir='/usr/include'
prefix='/usr/local'
program_transform_name='s,x,x,'
sbindir='${exec_prefix}/sbin'
sharedstatedir='${prefix}/com'
sysconfdir='${prefix}/etc'
target_alias=''

## ----------- ##
## confdefs.h. ##
## ----------- ##

#define HAVE_ARPA_INET_H 1
#define HAVE_DECL_STRERROR_R 1
#define HAVE_ERRNO_H 1
#define HAVE_FCNTL_H 1
#define HAVE_GETHOSTBYNAME 1
#define HAVE_INTTYPES_H 1
#define HAVE_MALLOC 1
#define HAVE_MEMMOVE 1
#define HAVE_MEMORY_H 1
#define HAVE_MEMSET 1
#define HAVE_NETDB_H 1
#define HAVE_NETINET_IN_H 1
#define HAVE_REGCOMP 1
#define HAVE_SEARCH_H 1
#define HAVE_SOCKET 1
#define HAVE_STDDEF_H 1
#define HAVE_STDINT_H 1
#define HAVE_STDLIB_H 1
#define HAVE_STDLIB_H 1
#define HAVE_STDLIB_H 1
#define HAVE_STRCASECMP 1
#define HAVE_STRCHR 1
#define HAVE_STRCSPN 1
#define HAVE_STRDUP 1
#define HAVE_STRDUP 1
#define HAVE_STRERROR 1
#define HAVE_STRERROR 1
#define HAVE_STRERROR_R 1
#define HAVE_STRINGS_H 1
#define HAVE_STRING_H 1
#define HAVE_STRING_H 1
#define HAVE_STRNCASECMP 1
#define HAVE_STRNDUP 1
#define HAVE_STRRCHR 1
#define HAVE_STRSPN 1
#define HAVE_STRSTR 1
#define HAVE_STRSTR 1
#define HAVE_STRTOL 1
#define HAVE_SYS_SOCKET_H 1
#define HAVE_SYS_STAT_H 1
#define HAVE_SYS_TYPES_H 1
#define HAVE_TFIND 1
#define HAVE_TSEARCH 1
#define HAVE_TWALK 1
#define HAVE_UNISTD_H 1
#define HAVE_UNISTD_H 1
#define HAVE_VPRINTF 1
#define PACKAGE "html-xml-utils"
#define PACKAGE_BUGREPORT ""
#define PACKAGE_NAME ""
#define PACKAGE_STRING ""
#define PACKAGE_TARNAME ""
#define PACKAGE_VERSION ""
#define STDC_HEADERS 1
#define VERSION "3.0"

configure: exit 0
